Base path: C:/Program Files/Unity/Editor/Data
Pipe name: \\.\pipe\UnityShaderCompiler-64bit-1-3468
Cmd: getPlatforms
Cmd: preprocess
  insize=1391 outsize=515 ok=1
Cmd: compileSnippet
  api=4 type=0 insize=1182 outsize=1639 kw=LIGHTMAP_OFF pd= ok=1
Cmd: compileSnippet
  api=4 type=1 insize=1182 outsize=762 kw=LIGHTMAP_OFF pd= ok=1
Cmd: preprocess
  insize=736 outsize=1122 ok=1
Cmd: compileSnippet
  api=4 type=0 insize=7006 outsize=3663 kw=DIRECTIONAL LIGHTMAP_OFF DIRLIGHTMAP_OFF DYNAMICLIGHTMAP_OFF pd= ok=1
Cmd: compileSnippet
  api=4 type=1 insize=7006 outsize=1331 kw=DIRECTIONAL LIGHTMAP_OFF DIRLIGHTMAP_OFF DYNAMICLIGHTMAP_OFF pd= ok=1
Cmd: compileSnippet
  api=4 type=0 insize=3778 outsize=2753 kw=POINT pd= ok=1
Cmd: compileSnippet
  api=4 type=1 insize=3778 outsize=1964 kw=POINT pd= ok=1
Cmd: compileSnippet
  api=4 type=0 insize=3269 outsize=2484 kw= pd= ok=1
Cmd: compileSnippet
  api=4 type=1 insize=3269 outsize=1331 kw= pd= ok=1
Cmd: preprocess
  insize=4636 outsize=1076 ok=1
Cmd: compileSnippet
  api=4 type=0 insize=2843 outsize=5929 kw= pd= ok=1
Cmd: compileSnippet
  api=4 type=1 insize=2843 outsize=2371 kw= pd= ok=1
Cmd: compileSnippet
  api=4 type=0 insize=2486 outsize=4215 kw= pd= ok=1
Cmd: compileSnippet
  api=4 type=1 insize=2486 outsize=1314 kw= pd= ok=1
Cmd: preprocess
  insize=3592 outsize=1058 ok=1
Cmd: compileSnippet
  api=4 type=0 insize=2094 outsize=4361 kw= pd= ok=1
Cmd: compileSnippet
  api=4 type=1 insize=2094 outsize=2939 kw= pd= ok=1
Cmd: compileSnippet
  api=4 type=0 insize=1610 outsize=2029 kw= pd= ok=1
Cmd: compileSnippet
  api=4 type=1 insize=1610 outsize=1526 kw= pd= ok=1
Cmd: preprocess
  insize=846 outsize=406 ok=1
Cmd: compileSnippet
  api=4 type=0 insize=745 outsize=1339 kw= pd= ok=1
Cmd: compileSnippet
  api=4 type=1 insize=745 outsize=616 kw= pd= ok=1
Cmd: preprocess
  insize=4445 outsize=999 ok=1
Cmd: compileSnippet
  api=4 type=0 insize=2780 outsize=5929 kw= pd= ok=1
Cmd: compileSnippet
  api=4 type=1 insize=2780 outsize=2509 kw= pd= ok=1
Cmd: compileSnippet
  api=4 type=0 insize=2392 outsize=2346 kw= pd= ok=1
Cmd: compileSnippet
  api=4 type=1 insize=2392 outsize=1412 kw= pd= ok=1
Cmd: preprocess
  insize=1028 outsize=505 ok=1
Cmd: compileSnippet
  api=4 type=0 insize=828 outsize=1420 kw= pd= ok=1
Cmd: compileSnippet
  api=4 type=1 insize=828 outsize=729 kw= pd= ok=1
Cmd: preprocess
  insize=1066 outsize=473 ok=1
Cmd: compileSnippet
  api=4 type=0 insize=898 outsize=1591 kw= pd= ok=1
Cmd: compileSnippet
  api=4 type=1 insize=898 outsize=770 kw= pd= ok=1
Cmd: preprocess
  insize=3503 outsize=1056 ok=1
Cmd: compileSnippet
  api=4 type=0 insize=1941 outsize=4004 kw= pd= ok=1
Cmd: compileSnippet
  api=4 type=1 insize=1941 outsize=2899 kw= pd= ok=1
Cmd: compileSnippet
  api=4 type=0 insize=1637 outsize=2241 kw=LIGHTMAP_OFF pd= ok=1
Cmd: compileSnippet
  api=4 type=1 insize=1637 outsize=957 kw=LIGHTMAP_OFF pd= ok=1
Cmd: preprocess
  insize=899 outsize=381 ok=1
Cmd: compileSnippet
  api=4 type=0 insize=820 outsize=1152 kw= pd= ok=1
Cmd: compileSnippet
  api=4 type=1 insize=820 outsize=786 kw= pd= ok=1
Cmd: preprocess
  insize=1056 outsize=463 ok=1
Cmd: preprocess
  insize=1035 outsize=483 ok=1
Cmd: compileSnippet
  api=4 type=0 insize=857 outsize=1542 kw= pd= ok=1
Cmd: compileSnippet
  api=4 type=1 insize=857 outsize=770 kw= pd= ok=1
Cmd: preprocess
  insize=1105 outsize=457 ok=1
Cmd: compileSnippet
  api=4 type=0 insize=953 outsize=1509 kw= pd= ok=1
Cmd: compileSnippet
  api=4 type=1 insize=953 outsize=819 kw= pd= ok=1
Cmd: preprocess
  insize=923 outsize=435 ok=1
Cmd: compileSnippet
  api=4 type=0 insize=793 outsize=1420 kw= pd= ok=1
Cmd: compileSnippet
  api=4 type=1 insize=793 outsize=616 kw= pd= ok=1
Cmd: compileSnippet
  api=4 type=0 insize=541 outsize=3533 kw=SHADOWS_DEPTH pd= ok=1
Cmd: compileSnippet
  api=4 type=1 insize=541 outsize=453 kw=SHADOWS_DEPTH pd= ok=1
Cmd: compileSnippet
  api=4 type=0 insize=6924 outsize=3663 kw=DIRECTIONAL SHADOWS_OFF LIGHTMAP_OFF DIRLIGHTMAP_OFF DYNAMICLIGHTMAP_OFF pd= ok=1
Cmd: compileSnippet
  api=4 type=1 insize=6924 outsize=1314 kw=DIRECTIONAL SHADOWS_OFF LIGHTMAP_OFF DIRLIGHTMAP_OFF DYNAMICLIGHTMAP_OFF pd= ok=1
Cmd: compileSnippet
  api=4 type=0 insize=3695 outsize=2753 kw=DIRECTIONAL pd= ok=1
Cmd: compileSnippet
  api=4 type=1 insize=3695 outsize=1168 kw=DIRECTIONAL pd= ok=1
Cmd: compileSnippet
  api=4 type=0 insize=1001 outsize=1087 kw= pd= ok=1
Cmd: compileSnippet
  api=4 type=1 insize=1001 outsize=859 kw= pd= ok=1
Cmd: compileSnippet
  api=4 type=0 insize=751 outsize=3533 kw=SHADOWS_DEPTH pd= ok=1
Cmd: compileSnippet
  api=4 type=1 insize=751 outsize=380 kw=SHADOWS_DEPTH pd= ok=1
Cmd: compileSnippet
  api=4 type=0 insize=982 outsize=3979 kw=DIRECTIONAL SHADOWS_OFF LIGHTMAP_OFF DIRLIGHTMAP_OFF DYNAMICLIGHTMAP_OFF pd= ok=1
Cmd: compileSnippet
  api=4 type=1 insize=982 outsize=10618 kw=DIRECTIONAL SHADOWS_OFF LIGHTMAP_OFF DIRLIGHTMAP_OFF DYNAMICLIGHTMAP_OFF pd= ok=1
Cmd: compileSnippet
  api=4 type=0 insize=938 outsize=4101 kw=DIRECTIONAL SHADOWS_OFF pd= ok=1
Cmd: compileSnippet
  api=4 type=1 insize=938 outsize=5515 kw=DIRECTIONAL SHADOWS_OFF pd= ok=1
Cmd: compileSnippet
  api=4 type=0 insize=959 outsize=1087 kw= pd= ok=1
Cmd: compileSnippet
  api=4 type=1 insize=959 outsize=616 kw= pd= ok=1
Cmd: compileSnippet
  api=4 type=0 insize=797 outsize=3776 kw=SHADOWS_DEPTH pd= ok=1
Cmd: compileSnippet
  api=4 type=1 insize=797 outsize=908 kw=SHADOWS_DEPTH pd= ok=1
Cmd: compileSnippet
  api=4 type=0 insize=6976 outsize=3663 kw=DIRECTIONAL SHADOWS_OFF LIGHTMAP_OFF DIRLIGHTMAP_OFF DYNAMICLIGHTMAP_OFF pd= ok=1
Cmd: compileSnippet
  api=4 type=1 insize=6976 outsize=1493 kw=DIRECTIONAL SHADOWS_OFF LIGHTMAP_OFF DIRLIGHTMAP_OFF DYNAMICLIGHTMAP_OFF pd= ok=1
Cmd: compileSnippet
  api=4 type=0 insize=3734 outsize=2753 kw=DIRECTIONAL pd= ok=1
Cmd: compileSnippet
  api=4 type=1 insize=3734 outsize=1347 kw=DIRECTIONAL pd= ok=1
Cmd: compileSnippet
  api=4 type=0 insize=7216 outsize=3752 kw=DIRECTIONAL SHADOWS_OFF LIGHTMAP_OFF DIRLIGHTMAP_OFF DYNAMICLIGHTMAP_OFF pd= ok=1
Cmd: compileSnippet
  api=4 type=1 insize=7216 outsize=1518 kw=DIRECTIONAL SHADOWS_OFF LIGHTMAP_OFF DIRLIGHTMAP_OFF DYNAMICLIGHTMAP_OFF pd= ok=1
Cmd: compileSnippet
  api=4 type=0 insize=3830 outsize=2753 kw=DIRECTIONAL pd= ok=1
Cmd: compileSnippet
  api=4 type=1 insize=3830 outsize=1168 kw=DIRECTIONAL pd= ok=1
Cmd: compileSnippet
  api=4 type=0 insize=3778 outsize=2753 kw=DIRECTIONAL pd= ok=1
Cmd: compileSnippet
  api=4 type=1 insize=3778 outsize=1184 kw=DIRECTIONAL pd= ok=1
Cmd: compileSnippet
  api=4 type=0 insize=818 outsize=778 kw= pd= ok=1
Cmd: compileSnippet
  api=4 type=1 insize=818 outsize=510 kw= pd= ok=1
Cmd: compileSnippet
  api=4 type=0 insize=1420 outsize=1379 kw= pd= ok=1
Cmd: compileSnippet
  api=4 type=1 insize=1420 outsize=1704 kw= pd= ok=1
Unhandled exception: Readfile from pipe failed. GLE=The pipe has been ended.


Quitting shader compiler process
